2022-05-17 00:43:58.2779 WARN Successful login for: danieldaniel@yahoo.com;  Source: Account/Login
2022-05-17 00:45:41.1978 WARN Successful login for: proven2@yahoo.com;  Source: Account/Login
2022-05-17 00:47:06.3262 WARN Successful login for: proven2@yahoo.com;  Source: Account/Login
2022-05-17 00:51:32.1276 WARN Successful login for: proven2@yahoo.com;  Source: Account/Login
2022-05-17 00:58:27.9629 WARN Successful login for: user100@yahoo.com;  Source: Account/Login
2022-05-17 00:59:20.4642 WARN Successful login for: user100@yahoo.com;  Source: Account/Login
2022-05-17 01:00:46.1790 WARN Successful login for: paul@yahoo.com;  Source: Account/Login
2022-05-17 01:05:17.4476 WARN Successful login for: ruth@yahoo.com;  Source: Account/Login
2022-05-17 01:07:38.6649 WARN Successful login for: danieldaniel@yahoo.com;  Source: Account/Login
2022-05-17 01:12:06.3189 WARN Successful login for: paul@yahoo.com;  Source: Account/Login
2022-05-17 01:13:08.2431 WARN Successful login for: ruth@yahoo.com;  Source: Account/Login
2022-05-17 01:14:44.4479 INFO Course Added Sucessfuly for: ruth@yahoo.com;  Source: Course/Create
2022-05-17 01:15:16.8541 WARN Successful login for: paul@yahoo.com;  Source: Account/Login
2022-05-17 01:18:45.0748 WARN Successful login for: paul@yahoo.com;  Source: Account/Login
2022-05-17 01:21:13.2146 WARN Successful login for: ruth@yahoo.com;  Source: Account/Login
2022-05-17 01:23:26.3872 WARN Successful login for: paul@yahoo.com;  Source: Account/Login
2022-05-17 01:24:54.2307 WARN Successful login for: danieldaniel@yahoo.com;  Source: Account/Login
2022-05-17 01:28:13.5708 WARN Successful login for: danieldaniel@yahoo.com;  Source: Account/Login
2022-05-17 01:41:39.5725 WARN Successful login for: harry@yahoo.com;  Source: Account/Login
2022-05-17 01:42:38.6077 WARN Successful login for: ruth@yahoo.com;  Source: Account/Login
2022-05-17 17:36:28.0060 WARN Successful login for: paul@yahoo.com;  Source: Account/Login
2022-05-17 19:04:53.6035 WARN Successful login for: paul@yahoo.com;  Source: Account/Login
2022-05-17 19:08:23.3923 INFO PlaceOrder Succesfuly for: paul@yahoo.com;  Source: Order/PlaceOrder
2022-05-17 19:10:45.6321 WARN Successful login for: ruth@yahoo.com;  Source: Account/Login
2022-05-17 19:12:20.6989 INFO Course Added Sucessfuly for: ruth@yahoo.com;  Source: Course/Create
2022-05-17 19:14:05.4004 WARN Successful login for: danieldaniel@yahoo.com;  Source: Account/Login
2022-05-17 19:16:06.7898 WARN Successful login for: paul@yahoo.com;  Source: Account/Login
2022-05-17 19:16:16.0301 INFO PlaceOrder Succesfuly for: paul@yahoo.com;  Source: Order/PlaceOrder
2022-05-17 19:22:15.7965 WARN Successful login for: ruth@yahoo.com;  Source: Account/Login
